-------------------------------------------------------------------------------
Test set: org.pentaho.tests.TestETL
-------------------------------------------------------------------------------
Tests run: 2, Failures: 1, Errors: 0, Skipped: 0, Time elapsed: 11.091 sec <<< FAILURE! - in org.pentaho.tests.TestETL
testETLRunner[0: /home/carlos/projects/code/unity_testing/tests/spec/abort_unit_test.kjb](org.pentaho.tests.TestETL)  Time elapsed: 5.651 sec  <<< FAILURE!
java.lang.AssertionError: expected:<0> but was:<1>
	at org.junit.Assert.fail(Assert.java:88)
	at org.junit.Assert.failNotEquals(Assert.java:834)
	at org.junit.Assert.assertEquals(Assert.java:645)
	at org.junit.Assert.assertEquals(Assert.java:631)
	at org.pentaho.tests.TestETL.testETLRunner(TestETL.java:68)

